<?xml version="1.0" encoding="UTF-8"?>
<testng-results skipped="0" failed="0" ignored="0" total="2" passed="2">
  <reporter-output>
  </reporter-output>
  <suite name="Command line suite" duration-ms="79" started-at="2020-03-13T19:41:30 CST" finished-at="2020-03-13T19:41:30 CST">
    <groups>
    </groups>
    <test name="Command line test" duration-ms="79" started-at="2020-03-13T19:41:30 CST" finished-at="2020-03-13T19:41:30 CST">
      <class name="com.testing.suite.PayTest">
        <test-method status="PASS" signature="paySucess()[pri:0, instance:com.testing.suite.PayTest@14acaea5]" name="paySucess" duration-ms="0" started-at="2020-03-13T19:41:30 CST" finished-at="2020-03-13T19:41:30 CST">
          <reporter-output>
          </reporter-output>
        </test-method> <!-- paySucess -->
      </class> <!-- com.testing.suite.PayTest -->
      <class name="com.testing.suite.LoginTest">
        <test-method status="PASS" signature="loginSucess()[pri:0, instance:com.testing.suite.LoginTest@224edc67]" name="loginSucess" duration-ms="5" started-at="2020-03-13T19:41:30 CST" finished-at="2020-03-13T19:41:30 CST">
          <reporter-output>
          </reporter-output>
        </test-method> <!-- loginSucess -->
      </class> <!-- com.testing.suite.LoginTest -->
    </test> <!-- Command line test -->
  </suite> <!-- Command line suite -->
</testng-results>
